<?xml version="1.0" encoding="UTF-8" ?>
<testsuite tests="2" failures="0" name="StartPageTest" time="0.099" errors="2" skipped="0">
  <properties>
    <property name="idea.version" value="2021.2"/>
    <property name="java.runtime.name" value="Java(TM) SE Runtime Environment"/>
    <property name="java.vm.version" value="11.0.9+7-LTS"/>
    <property name="sun.boot.library.path" value="C:\jdk-11.0.9_windows-x64_bin\jdk-11.0.9\bin"/>
    <property name="maven.multiModuleProjectDirectory" value="C:\Users\murat\keytorc-zulapoc-mobile-07c2e43db155"/>
    <property name="java.vm.vendor" value="Oracle Corporation"/>
    <property name="java.vendor.url" value="https://openjdk.java.net/"/>
    <property name="guice.disable.misplaced.annotation.check" value="true"/>
    <property name="path.separator" value=";"/>
    <property name="java.vm.name" value="Java HotSpot(TM) 64-Bit Server VM"/>
    <property name="sun.os.patch.level" value=""/>
    <property name="user.script" value=""/>
    <property name="user.country" value="US"/>
    <property name="sun.java.launcher" value="SUN_STANDARD"/>
    <property name="java.vm.specification.name" value="Java Virtual Machine Specification"/>
    <property name="user.dir" value="C:\Users\murat\keytorc-zulapoc-mobile-07c2e43db155"/>
    <property name="java.vm.compressedOopsMode" value="Zero based"/>
    <property name="java.runtime.version" value="11.0.9+7-LTS"/>
    <property name="java.awt.graphicsenv" value="sun.awt.Win32GraphicsEnvironment"/>
    <property name="os.arch" value="amd64"/>
    <property name="java.io.tmpdir" value="C:\Users\murat\AppData\Local\Temp\"/>
    <property name="line.separator" value="
"/>
    <property name="java.vm.specification.vendor" value="Oracle Corporation"/>
    <property name="user.variant" value=""/>
    <property name="os.name" value="Windows 10"/>
    <property name="maven.ext.class.path" value="C:\Program Files\JetBrains\IntelliJ IDEA Community Edition 2020.3.1\plugins\maven\lib\maven-event-listener.jar"/>
    <property name="classworlds.conf" value="C:\Program Files\JetBrains\IntelliJ IDEA Community Edition 2020.3.1\plugins\maven\lib\maven3\bin\m2.conf"/>
    <property name="sun.jnu.encoding" value="Cp1252"/>
    <property name="java.library.path" value="C:\jdk-11.0.9_windows-x64_bin\jdk-11.0.9\bin;C:\WINDOWS\Sun\Java\bin;C:\WINDOWS\system32;C:\WINDOWS;C:\Program Files (x86)\Common Files\Oracle\Java\javapath;C:\Program Files (x86)\Python38-32\Scripts\;C:\Program Files (x86)\Python38-32\;C:\WINDOWS\system32;C:\WINDOWS;C:\WINDOWS\System32\Wbem;C:\WINDOWS\System32\WindowsPowerShell\v1.0\;C:\WINDOWS\System32\OpenSSH\;C:\Program Files (x86)\ATI Technologies\ATI.ACE\Core-Static;C:\TDM-GCC-64\bin;C:\Strawberry\c\bin;C:\Strawberry\perl\site\bin;C:\Strawberry\perl\bin;C:\Users\murat\AppData\Local\Programs\Microsoft VS Code;C:\BOOST\boost_1_73_0;C:\Program Files\dotnet\;C:\Program Files\Microsoft SQL Server\130\Tools\Binn\;C:\Program Files\Java\jdk1.8.0_281\bin;C:\Program Files\Git\cmd;C:\apache-maven-3.6.3\bin;C:\Users\murat\AppData\Local\Android\Sdk\tools;C:\Users\murat\AppData\Local\Android\Sdk\platform-tools;C:\Users\murat\AppData\Local\Android\Sdk\tools\bin;C:\Users\murat\AppData\Local\Microsoft\WindowsApps;C:\Program Files\JetBrains\PyCharm Community Edition 2020.1\bin;C:\TDM-GCC-64\bin;C:\BOOST\boost_1_73_0;C:\Users\murat\.dotnet\tools;C:\Users\murat\AppData\Local\Programs\Microsoft VS Code\bin;C:\Users\murat\AppData\Local\Microsoft\WindowsApps;C:\Program Files (x86)\Sophos\Sophos SSL VPN Client\bin;;."/>
    <property name="maven.conf" value="C:\Program Files\JetBrains\IntelliJ IDEA Community Edition 2020.3.1\plugins\maven\lib\maven3/conf"/>
    <property name="jdk.debug" value="release"/>
    <property name="java.class.version" value="55.0"/>
    <property name="java.specification.name" value="Java Platform API Specification"/>
    <property name="sun.management.compiler" value="HotSpot 64-Bit Tiered Compilers"/>
    <property name="os.version" value="10.0"/>
    <property name="user.home" value="C:\Users\murat"/>
    <property name="user.timezone" value="Asia/Istanbul"/>
    <property name="java.awt.printerjob" value="sun.awt.windows.WPrinterJob"/>
    <property name="file.encoding" value="UTF-8"/>
    <property name="java.specification.version" value="11"/>
    <property name="user.name" value="murat"/>
    <property name="java.class.path" value="C:\Program Files\JetBrains\IntelliJ IDEA Community Edition 2020.3.1\plugins\maven\lib\maven3\boot\plexus-classworlds-2.6.0.jar;C:\Program Files\JetBrains\IntelliJ IDEA Community Edition 2020.3.1\plugins\maven\lib\maven3\boot\plexus-classworlds.license"/>
    <property name="java.vm.specification.version" value="11"/>
    <property name="sun.arch.data.model" value="64"/>
    <property name="sun.java.command" value="org.codehaus.classworlds.Launcher -Didea.version=2021.2 test"/>
    <property name="java.home" value="C:\jdk-11.0.9_windows-x64_bin\jdk-11.0.9"/>
    <property name="user.language" value="en"/>
    <property name="java.specification.vendor" value="Oracle Corporation"/>
    <property name="awt.toolkit" value="sun.awt.windows.WToolkit"/>
    <property name="java.vm.info" value="mixed mode"/>
    <property name="java.version" value="11.0.9"/>
    <property name="java.vendor" value="Oracle Corporation"/>
    <property name="maven.home" value="C:\Program Files\JetBrains\IntelliJ IDEA Community Edition 2020.3.1\plugins\maven\lib\maven3"/>
    <property name="file.separator" value="\"/>
    <property name="java.version.date" value="2020-10-20"/>
    <property name="java.vendor.url.bug" value="https://bugreport.java.com/bugreport/"/>
    <property name="sun.io.unicode.encoding" value="UnicodeLittle"/>
    <property name="sun.cpu.endian" value="little"/>
    <property name="java.vendor.version" value="18.9"/>
    <property name="sun.desktop" value="windows"/>
    <property name="sun.cpu.isalist" value="amd64"/>
  </properties>
  <testcase classname="StartPageTest" name="testStartButtonLoadMainMenu" time="0.002">
    <error type="java.lang.NullPointerException">java.lang.NullPointerException
	at StartPageTest.testStartButtonLoadMainMenu(StartPageTest.java:101)
	at java.base/jdk.internal.reflect.NativeMethodAccessorImpl.invoke0(Native Method)
	at java.base/jdk.internal.reflect.NativeMethodAccessorImpl.invoke(NativeMethodAccessorImpl.java:62)
	at java.base/jdk.internal.reflect.DelegatingMethodAccessorImpl.invoke(DelegatingMethodAccessorImpl.java:43)
	at java.base/java.lang.reflect.Method.invoke(Method.java:566)
	at org.junit.runners.model.FrameworkMethod$1.runReflectiveCall(FrameworkMethod.java:59)
	at org.junit.internal.runners.model.ReflectiveCallable.run(ReflectiveCallable.java:12)
	at org.junit.runners.model.FrameworkMethod.invokeExplosively(FrameworkMethod.java:56)
	at org.junit.internal.runners.statements.InvokeMethod.evaluate(InvokeMethod.java:17)
	at org.junit.internal.runners.statements.RunAfters.evaluate(RunAfters.java:27)
	at org.junit.runners.ParentRunner$3.evaluate(ParentRunner.java:306)
	at org.junit.runners.BlockJUnit4ClassRunner$1.evaluate(BlockJUnit4ClassRunner.java:100)
	at org.junit.runners.ParentRunner.runLeaf(ParentRunner.java:366)
	at org.junit.runners.BlockJUnit4ClassRunner.runChild(BlockJUnit4ClassRunner.java:103)
	at org.junit.runners.BlockJUnit4ClassRunner.runChild(BlockJUnit4ClassRunner.java:63)
	at org.junit.runners.ParentRunner$4.run(ParentRunner.java:331)
	at org.junit.runners.ParentRunner$1.schedule(ParentRunner.java:79)
	at org.junit.runners.ParentRunner.runChildren(ParentRunner.java:329)
	at org.junit.runners.ParentRunner.access$100(ParentRunner.java:66)
	at org.junit.runners.ParentRunner$2.evaluate(ParentRunner.java:293)
	at org.junit.internal.runners.statements.RunBefores.evaluate(RunBefores.java:26)
	at org.junit.internal.runners.statements.RunAfters.evaluate(RunAfters.java:27)
	at org.junit.runners.ParentRunner$3.evaluate(ParentRunner.java:306)
	at org.junit.runners.ParentRunner.run(ParentRunner.java:413)
	at org.apache.maven.surefire.junit4.JUnit4Provider.execute(JUnit4Provider.java:252)
	at org.apache.maven.surefire.junit4.JUnit4Provider.executeTestSet(JUnit4Provider.java:141)
	at org.apache.maven.surefire.junit4.JUnit4Provider.invoke(JUnit4Provider.java:112)
	at java.base/jdk.internal.reflect.NativeMethodAccessorImpl.invoke0(Native Method)
	at java.base/jdk.internal.reflect.NativeMethodAccessorImpl.invoke(NativeMethodAccessorImpl.java:62)
	at java.base/jdk.internal.reflect.DelegatingMethodAccessorImpl.invoke(DelegatingMethodAccessorImpl.java:43)
	at java.base/java.lang.reflect.Method.invoke(Method.java:566)
	at org.apache.maven.surefire.util.ReflectionUtils.invokeMethodWithArray(ReflectionUtils.java:189)
	at org.apache.maven.surefire.booter.ProviderFactory$ProviderProxy.invoke(ProviderFactory.java:165)
	at org.apache.maven.surefire.booter.ProviderFactory.invokeProvider(ProviderFactory.java:85)
	at org.apache.maven.surefire.booter.ForkedBooter.runSuitesInProcess(ForkedBooter.java:115)
	at org.apache.maven.surefire.booter.ForkedBooter.main(ForkedBooter.java:75)
</error>
    <system-out>Closing connection with server.
sent: 1630243333216;closeConnection&amp;
Initializing connection to 127.0.0.1:13000
sent: 1630243335239;getServerVersion&amp;
response: 1.6.4
</system-out>
  </testcase>
  <testcase classname="StartPageTest" name="testStartPageLoadedCorrectly" time="0.097">
    <error message="error:nullReferenceException
Object reference not set to an instance of an object.
  at Assets.AltUnityTester.AltUnityServer.Commands.AltUnityLoadSceneCommand.Execute () [0x00000] in &lt;00000000000000000000000000000000&gt;:0 
  at System.Func`1[TResult].Invoke () [0x00000] in &lt;00000000000000000000000000000000&gt;:0 
  at Assets.AltUnityTester.AltUnityServer.Commands.AltUnityCommand.ExecuteHandleErrors (System.Func`1[TResult] action) [0x00000] in &lt;00000000000000000000000000000000&gt;:0 
  at AltUnityRunner+&lt;&gt;c__DisplayClass30_0.&lt;ClientSocketHandlerDidReadMessage&gt;b__0 () [0x00000] in &lt;00000000000000000000000000000000&gt;:0 
  at Assets.AltUnityTester.AltUnityServer.AltSocket.SendResponse.Invoke () [0x00000] in &lt;00000000000000000000000000000000&gt;:0 
  at Assets.AltUnityTester.AltUnityServer.AltSocket.AltResponseQueue.Cycle () [0x00000] in &lt;00000000000000000000000000000000&gt;:0 
  at AltUnityRunner.Update () [0x00000] in &lt;00000000000000000000000000000000&gt;:0 " type="ro.altom.altunitytester.altUnityTesterExceptions.NullReferenceException">ro.altom.altunitytester.altUnityTesterExceptions.NullReferenceException: error:nullReferenceException
Object reference not set to an instance of an object.
  at Assets.AltUnityTester.AltUnityServer.Commands.AltUnityLoadSceneCommand.Execute () [0x00000] in &lt;00000000000000000000000000000000&gt;:0 
  at System.Func`1[TResult].Invoke () [0x00000] in &lt;00000000000000000000000000000000&gt;:0 
  at Assets.AltUnityTester.AltUnityServer.Commands.AltUnityCommand.ExecuteHandleErrors (System.Func`1[TResult] action) [0x00000] in &lt;00000000000000000000000000000000&gt;:0 
  at AltUnityRunner+&lt;&gt;c__DisplayClass30_0.&lt;ClientSocketHandlerDidReadMessage&gt;b__0 () [0x00000] in &lt;00000000000000000000000000000000&gt;:0 
  at Assets.AltUnityTester.AltUnityServer.AltSocket.SendResponse.Invoke () [0x00000] in &lt;00000000000000000000000000000000&gt;:0 
  at Assets.AltUnityTester.AltUnityServer.AltSocket.AltResponseQueue.Cycle () [0x00000] in &lt;00000000000000000000000000000000&gt;:0 
  at AltUnityRunner.Update () [0x00000] in &lt;00000000000000000000000000000000&gt;:0 
	at ro.altom.altunitytester.Commands.AltBaseCommand.handleErrors(AltBaseCommand.java:150)
	at ro.altom.altunitytester.Commands.AltBaseCommand.recvall(AltBaseCommand.java:75)
	at ro.altom.altunitytester.Commands.UnityCommand.AltLoadScene.Execute(AltLoadScene.java:17)
	at ro.altom.altunitytester.AltUnityDriver.loadScene(AltUnityDriver.java:180)
	at StartPageTest.testStartPageLoadedCorrectly(StartPageTest.java:87)
	at java.base/jdk.internal.reflect.NativeMethodAccessorImpl.invoke0(Native Method)
	at java.base/jdk.internal.reflect.NativeMethodAccessorImpl.invoke(NativeMethodAccessorImpl.java:62)
	at java.base/jdk.internal.reflect.DelegatingMethodAccessorImpl.invoke(DelegatingMethodAccessorImpl.java:43)
	at java.base/java.lang.reflect.Method.invoke(Method.java:566)
	at org.junit.runners.model.FrameworkMethod$1.runReflectiveCall(FrameworkMethod.java:59)
	at org.junit.internal.runners.model.ReflectiveCallable.run(ReflectiveCallable.java:12)
	at org.junit.runners.model.FrameworkMethod.invokeExplosively(FrameworkMethod.java:56)
	at org.junit.internal.runners.statements.InvokeMethod.evaluate(InvokeMethod.java:17)
	at org.junit.internal.runners.statements.RunAfters.evaluate(RunAfters.java:27)
	at org.junit.runners.ParentRunner$3.evaluate(ParentRunner.java:306)
	at org.junit.runners.BlockJUnit4ClassRunner$1.evaluate(BlockJUnit4ClassRunner.java:100)
	at org.junit.runners.ParentRunner.runLeaf(ParentRunner.java:366)
	at org.junit.runners.BlockJUnit4ClassRunner.runChild(BlockJUnit4ClassRunner.java:103)
	at org.junit.runners.BlockJUnit4ClassRunner.runChild(BlockJUnit4ClassRunner.java:63)
	at org.junit.runners.ParentRunner$4.run(ParentRunner.java:331)
	at org.junit.runners.ParentRunner$1.schedule(ParentRunner.java:79)
	at org.junit.runners.ParentRunner.runChildren(ParentRunner.java:329)
	at org.junit.runners.ParentRunner.access$100(ParentRunner.java:66)
	at org.junit.runners.ParentRunner$2.evaluate(ParentRunner.java:293)
	at org.junit.internal.runners.statements.RunBefores.evaluate(RunBefores.java:26)
	at org.junit.internal.runners.statements.RunAfters.evaluate(RunAfters.java:27)
	at org.junit.runners.ParentRunner$3.evaluate(ParentRunner.java:306)
	at org.junit.runners.ParentRunner.run(ParentRunner.java:413)
	at org.apache.maven.surefire.junit4.JUnit4Provider.execute(JUnit4Provider.java:252)
	at org.apache.maven.surefire.junit4.JUnit4Provider.executeTestSet(JUnit4Provider.java:141)
	at org.apache.maven.surefire.junit4.JUnit4Provider.invoke(JUnit4Provider.java:112)
	at java.base/jdk.internal.reflect.NativeMethodAccessorImpl.invoke0(Native Method)
	at java.base/jdk.internal.reflect.NativeMethodAccessorImpl.invoke(NativeMethodAccessorImpl.java:62)
	at java.base/jdk.internal.reflect.DelegatingMethodAccessorImpl.invoke(DelegatingMethodAccessorImpl.java:43)
	at java.base/java.lang.reflect.Method.invoke(Method.java:566)
	at org.apache.maven.surefire.util.ReflectionUtils.invokeMethodWithArray(ReflectionUtils.java:189)
	at org.apache.maven.surefire.booter.ProviderFactory$ProviderProxy.invoke(ProviderFactory.java:165)
	at org.apache.maven.surefire.booter.ProviderFactory.invokeProvider(ProviderFactory.java:85)
	at org.apache.maven.surefire.booter.ForkedBooter.runSuitesInProcess(ForkedBooter.java:115)
	at org.apache.maven.surefire.booter.ForkedBooter.main(ForkedBooter.java:75)
</error>
    <system-out>sent: 1630243335538;loadScene;Start;true&amp;
response: error:nullReferenceException
Object reference not set to an instance of an object.
  at Assets.AltUnityTester.AltUnityServer.Commands.AltUnityLoadSceneCommand.Execute () [0x00000] in &lt;00000000000000000000000000000000&gt;:0 
  at System.Func`1[TResult].Invoke () [0x00000] in &lt;00000000000000000000000000000000&gt;:0 
  at Assets.AltUnityTester.AltUnityServer.Commands.AltUnityCommand.ExecuteHandleErrors (System.Func`1[TResult] action) [0x00000] in &lt;00000000000000000000000000000000&gt;:0 
  at AltUnityRunner+&lt;&gt;c__DisplayClass30_0.&lt;ClientSocketHandlerDidReadMessage&gt;b__0 () [0x00000] in &lt;00000000000000000000000000000000&gt;:0 
  at Assets.AltUnityTester.AltUnityServer.AltSocket.SendResponse.Invoke () [0x00000] in &lt;00000000000000000000000000000000&gt;:0 
  at Assets.AltUnityTester.AltUnityServer.AltSocket.AltResponseQueue.Cycle () [0x00000] in &lt;00000000000000000000000000000000&gt;:0 
  at AltUnityRunner.Update () [0x00000] in &lt;00000000000000000000000000000000&gt;:0 
</system-out>
  </testcase>
</testsuite>